<?xml version="1.0" encoding="UTF-8"?>
<testng-results skipped="0" failed="0" total="1" passed="1">
  <reporter-output>
  </reporter-output>
  <suite name="Default suite" duration-ms="766" started-at="2012-01-07T19:14:26Z" finished-at="2012-01-07T19:14:27Z">
    <groups>
      <group name="jdbc">
        <method signature="JdbcRepositoryTestCase.hasAndCount(org.json.JSONObject)[pri:0, instance:org.b3log.latke.repository.jdbc.JdbcRepositoryTestCase@2ab653]" name="hasAndCount" class="org.b3log.latke.repository.jdbc.JdbcRepositoryTestCase"/>
      </group>
    </groups>
    <test name="Default test" duration-ms="766" started-at="2012-01-07T19:14:26Z" finished-at="2012-01-07T19:14:27Z">
      <class name="org.b3log.latke.repository.jdbc.JdbcRepositoryTestCase">
        <test-method status="PASS" signature="createTestTable()[pri:0, instance:org.b3log.latke.repository.jdbc.JdbcRepositoryTestCase@2ab653]" name="createTestTable" is-config="true" duration-ms="344" started-at="2012-01-07T19:14:26Z" finished-at="2012-01-07T19:14:27Z">
        </test-method>
        <test-method status="PASS" signature="hasAndCount(org.json.JSONObject)[pri:0, instance:org.b3log.latke.repository.jdbc.JdbcRepositoryTestCase@2ab653]" name="hasAndCount" duration-ms="391" started-at="2012-01-07T19:14:27Z" finished-at="2012-01-07T19:14:27Z">
          <params>
            <param index="0">
              <value>
                <![CDATA[{"col4":false,"col1":100,"col3":"1.4","col2":"======aaaaaaaaaaaaaaaaaaaaaaaaaaaaa=======","oId":"1325934867191"}]]>
              </value>
            </param>
          </params>
        </test-method>
      </class>
    </test>
  </suite>
</testng-results>
